Build started 2014-01-26 9:38:45 PM.
     1>Project "G:\SDL Projects\Tutorial\Sdl Setup Ready for Tic Tac Toe1\Sdl Setup Ready for Tic Tac Toe1\Sdl Setup Ready for Tic Tac Toe1.vcxproj" on node 2 (Build target(s)).
     1>ClCompile:
         C:\Program Files (x86)\Microsoft Visual Studio 11.0\VC\bin\CL.exe /c /ZI /nologo /W3 /WX- /Od /Oy- /D _MBCS /Gm /EHsc /RTC1 /MD /GS /fp:precise /Zc:wchar_t /Zc:forScope /Fo"Debug\\" /Fd"Debug\vc110.pdb" /Gd /TP /analyze- /errorReport:prompt CApp.cpp CApp_OnCleanup.cpp CApp_OnInit.cpp CApp_OnLoop.cpp CApp_OnRender.cpp CEvent.cpp CSurface.cpp Capp_OnEvent.cpp
         Capp_OnEvent.cpp
     1>g:\sdl projects\tutorial\sdl setup ready for tic tac toe1\sdl setup ready for tic tac toe1\capp.h(4): fatal error C1083: Cannot open include file: 'SDL.h': No such file or directory
         CSurface.cpp
     1>g:\sdl projects\tutorial\sdl setup ready for tic tac toe1\sdl setup ready for tic tac toe1\csurface.h(4): fatal error C1083: Cannot open include file: 'SDL.h': No such file or directory
         CEvent.cpp
     1>g:\sdl projects\tutorial\sdl setup ready for tic tac toe1\sdl setup ready for tic tac toe1\cevent.h(4): fatal error C1083: Cannot open include file: 'SDL.h': No such file or directory
         CApp_OnRender.cpp
     1>g:\sdl projects\tutorial\sdl setup ready for tic tac toe1\sdl setup ready for tic tac toe1\capp.h(4): fatal error C1083: Cannot open include file: 'SDL.h': No such file or directory
         CApp_OnLoop.cpp
     1>g:\sdl projects\tutorial\sdl setup ready for tic tac toe1\sdl setup ready for tic tac toe1\capp.h(4): fatal error C1083: Cannot open include file: 'SDL.h': No such file or directory
         CApp_OnInit.cpp
     1>g:\sdl projects\tutorial\sdl setup ready for tic tac toe1\sdl setup ready for tic tac toe1\capp.h(4): fatal error C1083: Cannot open include file: 'SDL.h': No such file or directory
         CApp_OnCleanup.cpp
     1>g:\sdl projects\tutorial\sdl setup ready for tic tac toe1\sdl setup ready for tic tac toe1\capp.h(4): fatal error C1083: Cannot open include file: 'SDL.h': No such file or directory
         CApp.cpp
     1>g:\sdl projects\tutorial\sdl setup ready for tic tac toe1\sdl setup ready for tic tac toe1\capp.h(4): fatal error C1083: Cannot open include file: 'SDL.h': No such file or directory
         Generating Code...
     1>Done Building Project "G:\SDL Projects\Tutorial\Sdl Setup Ready for Tic Tac Toe1\Sdl Setup Ready for Tic Tac Toe1\Sdl Setup Ready for Tic Tac Toe1.vcxproj" (Build target(s)) -- FAILED.

Build FAILED.

Time Elapsed 00:00:00.67
